token 0 # ||
token 1 Elveszett FIN
edge Focus 1 1 Blue
Traceback (most recent call last):
  File "main.py", line 218, in <module>
    main(default_text)
  File "main.py", line 204, in main
    prepare_and_fire(pattern_bank, pool, handle, curr_window)   # Do everything functional...
  File "main.py", line 167, in prepare_and_fire
    reuse, ret = act.search(tok, pool, is_rightmost=i == len(curr_window) - 1)
  File "/home/dlazesz/PycharmProjects/elemzov2/searcher.py", line 183, in search
    raise TypeError(current_tok, self)
TypeError: (Elveszett, Searcher(Name: VFRAME,
Condition: None,
Direction: None,
Initator: [ anal  = 'FIN:el|veszik#V+PreVV+FOC+V+acc_Indef+Dec+Past+nom_Sg3'                ]
[ main  = 'FIN'                                                                   ]
[ other = frozenset({'V', 'Past', 'nom_Sg3', 'Dec', 'acc_Indef', 'FOC', 'PreVV'}) ]
[ stem  = 'el|veszik#V'                                                           ]
[ tok   = 'Elveszett'                                                             ],
Is Unique: None))
