token 0 # ||
token 1 Itt MOD
token 2 most MOD
token 3 elkezdődött FIN
edge MOD 3 2 Red
edge MOD 3 1 Red
edge Focus 3 3 Blue
Traceback (most recent call last):
  File "main.py", line 218, in <module>
    main(default_text)
  File "main.py", line 204, in main
    prepare_and_fire(pattern_bank, pool, handle, curr_window)   # Do everything functional...
  File "main.py", line 167, in prepare_and_fire
    reuse, ret = act.search(tok, pool, is_rightmost=i == len(curr_window) - 1)
  File "/home/dlazesz/PycharmProjects/elemzov2/searcher.py", line 183, in search
    raise TypeError(current_tok, self)
TypeError: (elkezdődött, Searcher(Name: VFRAME,
Condition: None,
Direction: None,
Initator: [ anal  = 'FIN:el|kezdődik#V+PreVV+FOC+V+acc_Indef+Dec+Past+nom_Sg3'              ]
[ main  = 'FIN'                                                                   ]
[ other = frozenset({'PreVV', 'Past', 'FOC', 'acc_Indef', 'V', 'Dec', 'nom_Sg3'}) ]
[ stem  = 'el|kezdődik#V'                                                         ]
[ tok   = 'elkezdődött'                                                           ],
Is Unique: None))
