token 0 # ||
feature || other 0
feature NYITO other 0
searcher FIN FIN None ['<', '>'] 0
token 1 Budapestnek Dat
feature Dat other 1
feature N other 1
feature Sg other 1
feature PropN other 1
searcher Det Det None ['<'] 1
searcher macro_NPMod * None ['<'] 1
feature SgPl1_3 Sg 1
searcher Det Det None None 1
searcher Det Det None ['<'] 1
feature Det_Def Def 1
feature occupied {'Det'} 1
edge Det 1 1 Black
token 2 fontos Nom
feature Nom other 2
feature Adj other 2
feature macro_NPMod other 2
feature Sg other 2
searcher NOM_OR_GEN * None ['>]'] 2
searcher POSTP_SEARCH * 1 ['>]'] 2
searcher PUNCT_OR_FIN_SEARCH {'FIN', 'PUNCT'} None ['>]'] 2
feature SgPl1_3 Sg 2
feature NOM_OR_GEN GEN 2
token 3 politikai Nom
feature Nom other 3
feature Adj other 3
feature macro_NPMod other 3
feature Sg other 3
searcher NOM_OR_GEN * None ['>]'] 3
searcher POSTP_SEARCH * 1 ['>]'] 3
searcher PUNCT_OR_FIN_SEARCH {'FIN', 'PUNCT'} None ['>]'] 3
feature SgPl1_3 Sg 3
feature NOM_OR_GEN GEN 3
token 4 kapcsolatai Nom
feature Nom other 4
feature N other 4
feature Pl other 4
feature Pers other 4
feature pers_SgPl3 other 4
searcher NOM_OR_GEN * None ['>]'] 4
searcher POSTP_SEARCH * 1 ['>]'] 4
searcher PUNCT_OR_FIN_SEARCH {'FIN', 'PUNCT'} None ['>]'] 4
searcher Det Det None ['<'] 4
searcher macro_NPMod * None ['<'] 4
feature SgPl1_3 Pl 4
searcher Pers Nom None ['<'] 4
feature Det_Def Indef 4
feature occupied {'Det'} 4
edge Det 4 4 Black
searcher Pers Dat None ['<'] 4
feature occupied {'Gen', 'Pers'} 1
edge Gen 4 1 Red
feature occupied {'macro_NPMod', 'Adj'} 3
edge Adj 4 3 Black
feature occupied {'macro_NPMod', 'Adj'} 2
edge Adj 4 2 Black
feature NOM_OR_GEN Nom 4
feature NOM_OR_GEN ? 4
token 5 vannak FIN
feature FIN other 5
feature V other 5
feature acc_Indef other 5
feature Dec other 5
feature Pres other 5
feature nom_Pl3 other 5
searcher Focus * 1 ['<'] 5
searcher MOD {'Essmod', 'MOD'} None ['<', '>'] 5
searcher Acc Acc None None 5
searcher VFRAME None None None 5
searcher Nom Nom None None 5
searcher VFRAME None None None 5
searcher Nom Nom None None 5
searcher VFRAME None None None 5
feature occupied {'Focus'} 4
edge Focus 5 4 Blue
Traceback (most recent call last):
  File "main.py", line 218, in <module>
    main(default_text)
  File "main.py", line 204, in main
    prepare_and_fire(pattern_bank, pool, handle, curr_window)   # Do everything functional...
  File "main.py", line 167, in prepare_and_fire
    reuse, ret = act.search(tok, pool, is_rightmost=i == len(curr_window) - 1)
  File "/home/dlazesz/PycharmProjects/elemzov2/searcher.py", line 183, in search
    raise TypeError(current_tok, self)
TypeError: (vannak, Searcher(Name: VFRAME,
Condition: None,
Direction: None,
Initator: [ anal  = 'FIN:van#V+V+acc_Indef+Dec+Pres+nom_Pl3'                ]
[ main  = 'FIN'                                                   ]
[ other = frozenset({'acc_Indef', 'V', 'Dec', 'nom_Pl3', 'Pres'}) ]
[ stem  = 'van#V'                                                 ]
[ tok   = 'vannak'                                                ],
Is Unique: None))
