0 ||:NYITO|	|Det:az#Det+Def|	|Nom:eljárás#N+N+Pl
[ anal  = '||:NYITO'           ]
[ main  = '||'                 ]
[ other = frozenset({'NYITO'}) ]
[ stem  = 'NYITO'              ]
[ tok   = '#'                  ]

1 Det:az#Det+Def|	|Nom:eljárás#N+N+Pl|	|Nom:lezárás#N+N+Sg+Pers+pers_SgPl3
[ anal  = 'Det:az#Det+Def'   ]
[ main  = 'Det'              ]
[ other = frozenset({'Def'}) ]
[ stem  = 'az#Det'           ]
[ tok   = 'Az'               ]

2 Nom:eljárás#N+N+Pl|	|Nom:lezárás#N+N+Sg+Pers+pers_SgPl3|	|MOD:nem#Adv
ÉL KÉSZÜLT 2 1 Black Det
[ anal  = 'Nom:eljárás#N+N+Pl'   ]
[ main  = 'Nom'                  ]
[ other = frozenset({'N', 'Pl'}) ]
[ stem  = 'eljárás#N'            ]
[ tok   = 'eljárások'            ]

3 Nom:lezárás#N+N+Sg+Pers+pers_SgPl3|	|MOD:nem#Adv|	|Nom:előfeltétel#N+N+Sg+Pers+pers_SgPl3
ÉL KÉSZÜLT 3 3 Black Det
ÉL KÉSZÜLT 3 2 Red Gen
[ anal  = 'Nom:lezárás#N+N+Sg+Pers+pers_SgPl3'         ]
[ main  = 'Nom'                                        ]
[ other = frozenset({'pers_SgPl3', 'N', 'Sg', 'Pers'}) ]
[ stem  = 'lezárás#N'                                  ]
[ tok   = 'lezárása'                                   ]

4 MOD:nem#Adv|	|Nom:előfeltétel#N+N+Sg+Pers+pers_SgPl3|	|Det:a#Det+Def
[ anal  = 'MOD:nem#Adv' ]
[ main  = 'MOD'         ]
[ other = frozenset()   ]
[ stem  = 'nem#Adv'     ]
[ tok   = 'nem'         ]

5 Nom:előfeltétel#N+N+Sg+Pers+pers_SgPl3|	|Det:a#Det+Def|	|Dat:hiteltárgyalás#N+N+Sg+PUNCT
ÉL KÉSZÜLT 5 5 Black Det
ÉL KÉSZÜLT 5 3 Red Gen
[ anal  = 'Nom:előfeltétel#N+N+Sg+Pers+pers_SgPl3'     ]
[ main  = 'Nom'                                        ]
[ other = frozenset({'pers_SgPl3', 'N', 'Sg', 'Pers'}) ]
[ stem  = 'előfeltétel#N'                              ]
[ tok   = 'előfeltétele'                               ]

6 Det:a#Det+Def|	|Dat:hiteltárgyalás#N+N+Sg+PUNCT|	|||:NYITO
[ anal  = 'Det:a#Det+Def'    ]
[ main  = 'Det'              ]
[ other = frozenset({'Def'}) ]
[ stem  = 'a#Det'            ]
[ tok   = 'a'                ]

7 Dat:hiteltárgyalás#N+N+Sg+PUNCT|	|||:NYITO|	|||:NYITO
ÉL KÉSZÜLT 7 6 Black Det
[ anal  = 'Dat:hiteltárgyalás#N+N+Sg+PUNCT' ]
[ main  = 'Dat'                             ]
[ other = frozenset({'N', 'Sg', 'PUNCT'})   ]
[ stem  = 'hiteltárgyalás#N'                ]
[ tok   = 'hiteltárgyalásnak.'              ]

