token 0 # ||
feature || other 0
feature NYITO other 0
searcher FIN FIN None ['<', '>'] 0
token 1 Itt MOD
feature MOD other 1
feature Pron other 1
token 2 most MOD
feature MOD other 2
token 3 elkezdődött FIN
feature FIN other 3
feature PreVV other 3
feature FOC other 3
feature V other 3
feature acc_Indef other 3
feature Dec other 3
feature Past other 3
feature nom_Sg3 other 3
searcher Focus * 1 ['<'] 3
searcher MOD {'Essmod', 'MOD'} None ['<', '>'] 3
searcher Focus None 0 None 3
searcher Acc Acc None None 3
searcher VFRAME None None None 3
searcher Nom Nom None None 3
searcher VFRAME None None None 3
searcher Focus * 0 ['<'] 3
searcher Nom Nom None None 3
searcher VFRAME None None None 3
feature occupied {'MOD'} 2
edge MOD 3 2 Red
feature occupied {'MOD'} 1
edge MOD 3 1 Red
feature occupied {'Focus'} 3
edge Focus 3 3 Blue
Traceback (most recent call last):
  File "main.py", line 218, in <module>
    main(default_text)
  File "main.py", line 204, in main
    prepare_and_fire(pattern_bank, pool, handle, curr_window)   # Do everything functional...
  File "main.py", line 167, in prepare_and_fire
    reuse, ret = act.search(tok, pool, is_rightmost=i == len(curr_window) - 1)
  File "/home/dlazesz/PycharmProjects/elemzov2/searcher.py", line 183, in search
    raise TypeError(current_tok, self)
TypeError: (elkezdődött, Searcher(Name: VFRAME,
Condition: None,
Direction: None,
Initator: [ anal  = 'FIN:el|kezdődik#V+PreVV+FOC+V+acc_Indef+Dec+Past+nom_Sg3'              ]
[ main  = 'FIN'                                                                   ]
[ other = frozenset({'PreVV', 'Past', 'FOC', 'acc_Indef', 'V', 'Dec', 'nom_Sg3'}) ]
[ stem  = 'el|kezdődik#V'                                                         ]
[ tok   = 'elkezdődött'                                                           ],
Is Unique: None))
