token 0 # ||
token 1 Egyedül MOD
token 2 a Det
token 3 Chelsea-t Acc
edge Det 3 2 Black
token 4 verő Nom
Traceback (most recent call last):
  File "main.py", line 218, in <module>
    main(default_text)
  File "main.py", line 204, in main
    prepare_and_fire(pattern_bank, pool, handle, curr_window)   # Do everything functional...
  File "main.py", line 167, in prepare_and_fire
    reuse, ret = act.search(tok, pool, is_rightmost=i == len(curr_window) - 1)
  File "/home/dlazesz/PycharmProjects/elemzov2/searcher.py", line 183, in search
    raise TypeError(current_tok, self)
TypeError: (verő, Searcher(Name: VFRAME,
Condition: None,
Direction: None,
Initator: [ anal  = 'Nom:ver#PartPres+PartPres+macro_NPMod' ]
[ main  = 'Nom'                                   ]
[ other = frozenset({'PartPres', 'macro_NPMod'})  ]
[ stem  = 'ver#PartPres'                          ]
[ tok   = 'verő'                                  ],
Is Unique: None))
