token 0 # ||
token 1 A Det
token 2 macskám Nom
edge Det 2 1 Black
token 3 eddig Ter
edge Det 3 3 Black
token 4 képtelen Nom
token 5 volt FIN
edge Focus 5 4 Blue
Traceback (most recent call last):
  File "main.py", line 218, in <module>
    main(default_text)
  File "main.py", line 204, in main
    prepare_and_fire(pattern_bank, pool, handle, curr_window)   # Do everything functional...
  File "main.py", line 167, in prepare_and_fire
    reuse, ret = act.search(tok, pool, is_rightmost=i == len(curr_window) - 1)
  File "/home/dlazesz/PycharmProjects/elemzov2/searcher.py", line 183, in search
    raise TypeError(current_tok, self)
TypeError: (volt, Searcher(Name: VFRAME,
Condition: None,
Direction: None,
Initator: [ anal  = 'FIN:van#V+V+acc_Indef+Dec+Past+nom_Sg3'                ]
[ main  = 'FIN'                                                   ]
[ other = frozenset({'Past', 'nom_Sg3', 'V', 'Dec', 'acc_Indef'}) ]
[ stem  = 'van#V'                                                 ]
[ tok   = 'volt'                                                  ],
Is Unique: None))
