token 0 # ||
token 1 Peti Nom
edge Det 1 1 Black
token 2 elég Nom
token 3 csokit Acc
edge Det 3 3 Black
edge Num 3 2 Black
token 4 evett. FIN
edge Focus 4 3 Blue
Traceback (most recent call last):
  File "main.py", line 218, in <module>
    main(default_text)
  File "main.py", line 204, in main
    prepare_and_fire(pattern_bank, pool, handle, curr_window)   # Do everything functional...
  File "main.py", line 167, in prepare_and_fire
    reuse, ret = act.search(tok, pool, is_rightmost=i == len(curr_window) - 1)
  File "/home/dlazesz/PycharmProjects/elemzov2/searcher.py", line 183, in search
    raise TypeError(current_tok, self)
TypeError: (evett., Searcher(Name: VFRAME,
Condition: None,
Direction: None,
Initator: [ anal  = 'FIN:eszik#V+V+acc_Indef+Dec+Past+nom_Sg3+PUNCT'                 ]
[ main  = 'FIN'                                                            ]
[ other = frozenset({'Past', 'PUNCT', 'V', 'acc_Indef', 'nom_Sg3', 'Dec'}) ]
[ stem  = 'eszik#V'                                                        ]
[ tok   = 'evett.'                                                         ],
Is Unique: None))
