token 0 # ||
feature || other 0
feature NYITO other 0
searcher FIN FIN None ['<', '>'] 0
token 1 A Det
feature Det other 1
feature Def other 1
feature Det_Def Def 1
token 2 lap Nom
feature Nom other 2
feature N other 2
feature Sg other 2
searcher NOM_OR_GEN * None ['>]'] 2
searcher POSTP_SEARCH * 1 ['>]'] 2
searcher PUNCT_OR_FIN_SEARCH {'FIN', 'PUNCT'} None ['>]'] 2
searcher Det Det None ['<'] 2
searcher macro_NPMod * None ['<'] 2
feature SgPl1_3 Sg 2
feature occupied {'Det'} 1
edge Det 2 1 Black
feature NOM_OR_GEN GEN 2
token 3 értesülései Nom
feature Nom other 3
feature N other 3
feature Pl other 3
feature Pers other 3
feature pers_SgPl3 other 3
searcher NOM_OR_GEN * None ['>]'] 3
searcher POSTP_SEARCH * 1 ['>]'] 3
searcher PUNCT_OR_FIN_SEARCH {'FIN', 'PUNCT'} None ['>]'] 3
searcher Det Det None ['<'] 3
searcher macro_NPMod * None ['<'] 3
feature SgPl1_3 Pl 3
searcher Pers Nom None ['<'] 3
feature Det_Def Indef 3
feature occupied {'Det'} 3
edge Det 3 3 Black
feature occupied {'Gen', 'Pers'} 2
edge Gen 3 2 Red
feature occupied {'szerint#PostP'} 3
edge szerint#PostP 4 3 Black
feature NOM_OR_GEN ? 3
token 4 szerint PostP
feature PostP other 4
feature PostP other 4
token 5 a Det
feature Det other 5
feature Def other 5
feature Det_Def Def 5
token 6 városhatáron Sup
feature Sup other 6
feature N other 6
feature Sg other 6
searcher Det Det None ['<'] 6
searcher macro_NPMod * None ['<'] 6
feature SgPl1_3 Sg 6
feature occupied {'Det'} 5
edge Det 6 5 Black
token 7 átlépő Nom
feature Nom other 7
feature PreVV other 7
feature PartPres other 7
feature macro_NPMod other 7
searcher NOM_OR_GEN * None ['>]'] 7
searcher POSTP_SEARCH * 1 ['>]'] 7
searcher PUNCT_OR_FIN_SEARCH {'FIN', 'PUNCT'} None ['>]'] 7
searcher VFRAME PreV None ['>]'] 7
searcher Nom Nom 0 ['<'] 7
searcher VFRAME None None None 7
searcher VFRAME None None None 7
searcher VFRAME PreV None ['>]'] 7
searcher VFRAME PreV None ['>]'] 7
feature NOM_OR_GEN ? 7
searcher VFRAME PreV None ['<'] 7
feature occupied {'PreV'} 7
edge PreV 7 7 Black
Traceback (most recent call last):
  File "main.py", line 218, in <module>
    main(default_text)
  File "main.py", line 204, in main
    prepare_and_fire(pattern_bank, pool, handle, curr_window)   # Do everything functional...
  File "main.py", line 167, in prepare_and_fire
    reuse, ret = act.search(tok, pool, is_rightmost=i == len(curr_window) - 1)
  File "/home/dlazesz/PycharmProjects/elemzov2/searcher.py", line 200, in search
    self.hit = pool.search_by_condition(self.initiator, self.condition, self.border, till_index, self.unique)
  File "/home/dlazesz/PycharmProjects/elemzov2/pool.py", line 34, in search_by_condition
    border_index = self._calculate_border_index(border, initiator)
  File "/home/dlazesz/PycharmProjects/elemzov2/pool.py", line 20, in _calculate_border_index
    if len(self.borders[border]) == 0:  # No borders yet -> border_index = 0
KeyError: None
