token 0 # ||
feature || other 0
feature NYITO other 0
searcher FIN FIN None ['<', '>'] 0
token 1 Két Nom
feature Nom other 1
feature Num other 1
feature macro_NPMod other 1
feature Sg other 1
searcher NOM_OR_GEN * None ['>]'] 1
searcher POSTP_SEARCH * 1 ['>]'] 1
searcher PUNCT_OR_FIN_SEARCH {'PUNCT', 'FIN'} None ['>]'] 1
feature SgPl1_3 Sg 1
feature NOM_OR_GEN ? 1
token 2 konstrukciót Acc
feature Acc other 2
feature N other 2
feature Sg other 2
searcher Det Det None ['<'] 2
searcher macro_NPMod * None ['<'] 2
feature SgPl1_3 Sg 2
feature Det_Def Indef 2
feature occupied {'Det'} 2
edge Det 2 2 Black
feature occupied {'macro_NPMod', 'Num'} 1
edge Num 2 1 Black
token 3 ajánlottak FIN
feature FIN other 3
feature V other 3
feature acc_Indef other 3
feature Dec other 3
feature Past other 3
feature nom_Pl3 other 3
searcher Focus * 1 ['<'] 3
searcher MOD {'Essmod', 'MOD'} None ['<', '>'] 3
searcher VFRAME Inf None ['<'] 3
searcher Acc Acc None None 3
searcher VFRAME None None None 3
searcher Nom Nom None None 3
searcher VFRAME None None None 3
searcher VFRAME Inf None ['<'] 3
searcher Acc Acc None None 3
searcher VFRAME Inf None ['<'] 3
feature occupied {'Focus'} 2
edge Focus 3 2 Blue
searcher VFRAME None None ['>]'] 3
searcher VFRAME PreV None ['<'] 3
searcher Nom Nom None ['<', '>'] 3
searcher Acc Acc None ['<', '>'] 3
searcher Dat Dat None ['<', '>'] 3
searcher Acc Acc None ['<', '>'] 3
searcher Nom Nom None ['<', '>'] 3
feature occupied {'Acc'} 2
edge Acc 3 2 Red
feature occupied {'Fin'} 3
edge Fin 0 3 Black
token 4 a Det
feature Det other 4
feature Def other 4
feature Det_Def Def 4
token 5 devizahiteleseknek. Dat
feature Dat other 5
feature N other 5
feature Pl other 5
feature PUNCT other 5
searcher Det Det None ['<'] 5
searcher macro_NPMod * None ['<'] 5
feature SgPl1_3 Pl 5
feature occupied {'Det'} 4
edge Det 5 4 Black
feature occupied {'Dat'} 5
edge Dat 3 5 Red
feature occupied {'Nom'} 3
edge Nom 3 3 Black
feature SgPl1_3 Pl3 3
feature || other 6
feature NYITO other 6
searcher FIN FIN None ['<', '>'] 6
