token 0 # ||
token 1 Elveszett Nom
Traceback (most recent call last):
  File "main.py", line 218, in <module>
    main(default_text)
  File "main.py", line 204, in main
    prepare_and_fire(pattern_bank, pool, handle, curr_window)   # Do everything functional...
  File "main.py", line 167, in prepare_and_fire
    reuse, ret = act.search(tok, pool, is_rightmost=i == len(curr_window) - 1)
  File "/home/dlazesz/PycharmProjects/elemzov2/searcher.py", line 183, in search
    raise TypeError(current_tok, self)
TypeError: (Elveszett, Searcher(Name: VFRAME,
Condition: None,
Direction: None,
Initator: [ anal  = 'Nom:el|veszik#PartPast+PreVV+PartPast+macro_NPMod' ]
[ main  = 'Nom'                                               ]
[ other = frozenset({'PartPast', 'PreVV', 'macro_NPMod'})     ]
[ stem  = 'el|veszik#PartPast'                                ]
[ tok   = 'Elveszett'                                         ],
Is Unique: None))
