token 0 # ||
token 1 Az Det
token 2 embereknek Dat
edge Det 2 1 Black
token 3 fontos Nom
token 4 kérdésekkel Ins
edge Det 4 4 Black
edge Adj 4 3 Black
token 5 kell FIN
edge Focus 5 4 Blue
Traceback (most recent call last):
  File "main.py", line 218, in <module>
    main(default_text)
  File "main.py", line 204, in main
    prepare_and_fire(pattern_bank, pool, handle, curr_window)   # Do everything functional...
  File "main.py", line 167, in prepare_and_fire
    reuse, ret = act.search(tok, pool, is_rightmost=i == len(curr_window) - 1)
  File "/home/dlazesz/PycharmProjects/elemzov2/searcher.py", line 183, in search
    raise TypeError(current_tok, self)
TypeError: (kell, Searcher(Name: VFRAME,
Condition: None,
Direction: None,
Initator: [ anal  = 'FIN:kell#V+V+acc_Indef+Dec+Pres+nom_Sg3'               ]
[ main  = 'FIN'                                                   ]
[ other = frozenset({'V', 'nom_Sg3', 'Pres', 'acc_Indef', 'Dec'}) ]
[ stem  = 'kell#V'                                                ]
[ tok   = 'kell'                                                  ],
Is Unique: None))
