token 0 # ||
feature || other 0
feature NYITO other 0
searcher FIN FIN None ['<', '>'] 0
token 1 Magyarországnak Dat
feature Dat other 1
feature N other 1
feature Sg other 1
feature PropN other 1
searcher Det Det None ['<'] 1
searcher macro_NPMod * None ['<'] 1
feature SgPl1_3 Sg 1
searcher Det Det None None 1
searcher Det Det None ['<'] 1
feature Det_Def Def 1
feature occupied {'Det'} 1
edge Det 1 1 Black
token 2 fontos Nom
feature Nom other 2
feature Adj other 2
feature macro_NPMod other 2
feature Sg other 2
searcher NOM_OR_GEN * None ['>]'] 2
searcher POSTP_SEARCH * 1 ['>]'] 2
searcher PUNCT_OR_FIN_SEARCH {'FIN', 'PUNCT'} None ['>]'] 2
feature SgPl1_3 Sg 2
feature NOM_OR_GEN ? 2
token 3 Szerbia Nom
feature Nom other 3
feature N other 3
feature Sg other 3
feature PropN other 3
searcher NOM_OR_GEN * None ['>]'] 3
searcher POSTP_SEARCH * 1 ['>]'] 3
searcher PUNCT_OR_FIN_SEARCH {'FIN', 'PUNCT'} None ['>]'] 3
searcher Det Det None ['<'] 3
searcher macro_NPMod * None ['<'] 3
feature SgPl1_3 Sg 3
searcher Det Det None None 3
searcher Det Det None ['<'] 3
feature occupied {'Adj', 'macro_NPMod'} 2
edge Adj 3 2 Black
feature Det_Def Def 3
feature occupied {'Det'} 3
edge Det 3 3 Black
feature NOM_OR_GEN GEN 3
token 4 uniós Nom
feature Nom other 4
feature Adj other 4
feature macro_NPMod other 4
feature Sg other 4
searcher NOM_OR_GEN * None ['>]'] 4
searcher POSTP_SEARCH * 1 ['>]'] 4
searcher PUNCT_OR_FIN_SEARCH {'FIN', 'PUNCT'} None ['>]'] 4
feature SgPl1_3 Sg 4
feature NOM_OR_GEN GEN 4
token 5 tagjelöltsége. Nom
feature Nom other 5
feature N other 5
feature Sg other 5
feature Pers other 5
feature pers_SgPl3 other 5
feature PUNCT other 5
searcher NOM_OR_GEN * None ['>]'] 5
searcher POSTP_SEARCH * 1 ['>]'] 5
searcher PUNCT_OR_FIN_SEARCH {'FIN', 'PUNCT'} None ['>]'] 5
searcher Det Det None ['<'] 5
searcher macro_NPMod * None ['<'] 5
feature SgPl1_3 Sg 5
searcher Pers Nom None ['<'] 5
feature Det_Def Indef 5
feature occupied {'Det'} 5
edge Det 5 5 Black
feature occupied {'Pers', 'Gen'} 3
edge Gen 5 3 Red
feature occupied {'Adj', 'macro_NPMod'} 4
edge Adj 5 4 Black
feature NOM_OR_GEN ? 5
feature || other 6
feature NYITO other 6
searcher FIN FIN None ['<', '>'] 6
