token 0 # ||
feature || other 0
feature NYITO other 0
searcher FIN FIN None ['<', '>'] 0
token 1 Kórházba Ill
feature Ill other 1
feature N other 1
feature Sg other 1
searcher Det Det None ['<'] 1
searcher macro_NPMod * None ['<'] 1
feature SgPl1_3 Sg 1
feature Det_Def Indef 1
feature occupied {'Det'} 1
edge Det 1 1 Black
token 2 vitték FIN
feature FIN other 2
feature V other 2
feature acc_Def other 2
feature Dec other 2
feature Past other 2
feature nom_Pl3 other 2
feature acc_SgPl3 other 2
searcher Focus * 1 ['<'] 2
searcher MOD {'Essmod', 'MOD'} None ['<', '>'] 2
searcher Acc Acc None None 2
searcher VFRAME None None None 2
searcher Nom Nom None None 2
searcher VFRAME None None None 2
searcher Acc Acc None None 2
searcher VFRAME None None None 2
searcher Nom Nom None None 2
searcher VFRAME None None None 2
searcher Acc Acc None None 2
searcher Acc Acc None None 2
searcher Nom Nom None None 2
searcher VFRAME None None None 2
feature occupied {'Focus'} 1
edge Focus 2 1 Blue
Traceback (most recent call last):
  File "main.py", line 218, in <module>
    main(default_text)
  File "main.py", line 204, in main
    prepare_and_fire(pattern_bank, pool, handle, curr_window)   # Do everything functional...
  File "main.py", line 167, in prepare_and_fire
    reuse, ret = act.search(tok, pool, is_rightmost=i == len(curr_window) - 1)
  File "/home/dlazesz/PycharmProjects/elemzov2/searcher.py", line 183, in search
    raise TypeError(current_tok, self)
TypeError: (vitték, Searcher(Name: VFRAME,
Condition: None,
Direction: None,
Initator: [ anal  = 'FIN:visz#V+V+acc_Def+Dec+Past+nom_Pl3+acc_SgPl3'                  ]
[ main  = 'FIN'                                                              ]
[ other = frozenset({'nom_Pl3', 'V', 'Dec', 'Past', 'acc_Def', 'acc_SgPl3'}) ]
[ stem  = 'visz#V'                                                           ]
[ tok   = 'vitték'                                                           ],
Is Unique: None))
