token 0 # ||
token 1 Kórházba Ill
edge Det 1 1 Black
token 2 vitték FIN
edge Focus 2 1 Blue
Traceback (most recent call last):
  File "main.py", line 218, in <module>
    main(default_text)
  File "main.py", line 204, in main
    prepare_and_fire(pattern_bank, pool, handle, curr_window)   # Do everything functional...
  File "main.py", line 167, in prepare_and_fire
    reuse, ret = act.search(tok, pool, is_rightmost=i == len(curr_window) - 1)
  File "/home/dlazesz/PycharmProjects/elemzov2/searcher.py", line 183, in search
    raise TypeError(current_tok, self)
TypeError: (vitték, Searcher(Name: VFRAME,
Condition: None,
Direction: None,
Initator: [ anal  = 'FIN:visz#V+V+acc_Def+Dec+Past+nom_Pl3+acc_SgPl3'                  ]
[ main  = 'FIN'                                                              ]
[ other = frozenset({'nom_Pl3', 'V', 'Dec', 'Past', 'acc_Def', 'acc_SgPl3'}) ]
[ stem  = 'visz#V'                                                           ]
[ tok   = 'vitték'                                                           ],
Is Unique: None))
