token 0 # ||
feature || other 0
feature NYITO other 0
searcher FIN FIN None ['<', '>'] 0
token 1 Engem Acc
feature Acc other 1
feature N other 1
feature Pron other 1
feature Sg1_Pron other 1
searcher Det Det None ['<'] 1
searcher macro_NPMod * None ['<'] 1
feature SgPl1_3 Sg1 1
feature Det_Def Indef 1
feature occupied {'Det'} 1
edge Det 1 1 Black
token 2 nem MOD
feature MOD other 2
token 3 érdekel FIN
feature FIN other 3
feature V other 3
feature acc_Indef other 3
feature Dec other 3
feature Pres other 3
feature nom_Sg3 other 3
searcher Focus * 1 ['<'] 3
searcher MOD {'MOD', 'Essmod'} None ['<', '>'] 3
searcher Acc Acc None None 3
searcher VFRAME None None None 3
searcher Nom Nom None None 3
searcher VFRAME None None None 3
searcher Nom Nom None None 3
searcher VFRAME None None None 3
feature occupied {'Focus'} 2
edge Focus 3 2 Blue
feature occupied {'MOD'} 2
edge MOD 3 2 Red
Traceback (most recent call last):
  File "main.py", line 218, in <module>
    main(default_text)
  File "main.py", line 204, in main
    prepare_and_fire(pattern_bank, pool, handle, curr_window)   # Do everything functional...
  File "main.py", line 167, in prepare_and_fire
    reuse, ret = act.search(tok, pool, is_rightmost=i == len(curr_window) - 1)
  File "/home/dlazesz/PycharmProjects/elemzov2/searcher.py", line 183, in search
    raise TypeError(current_tok, self)
TypeError: (érdekel, Searcher(Name: VFRAME,
Condition: None,
Direction: None,
Initator: [ anal  = 'FIN:érdekel#V+V+acc_Indef+Dec+Pres+nom_Sg3'            ]
[ main  = 'FIN'                                                   ]
[ other = frozenset({'acc_Indef', 'V', 'Pres', 'Dec', 'nom_Sg3'}) ]
[ stem  = 'érdekel#V'                                             ]
[ tok   = 'érdekel'                                               ],
Is Unique: None))
