token 0 # ||
token 1 Budapestnek Dat
edge Det 1 1 Black
token 2 fontos Nom
token 3 politikai Nom
token 4 kapcsolatai Nom
edge Det 4 4 Black
edge Gen 4 1 Red
edge Adj 4 3 Black
edge Adj 4 2 Black
token 5 vannak FIN
edge Focus 5 4 Blue
Traceback (most recent call last):
  File "main.py", line 218, in <module>
    main(default_text)
  File "main.py", line 204, in main
    prepare_and_fire(pattern_bank, pool, handle, curr_window)   # Do everything functional...
  File "main.py", line 167, in prepare_and_fire
    reuse, ret = act.search(tok, pool, is_rightmost=i == len(curr_window) - 1)
  File "/home/dlazesz/PycharmProjects/elemzov2/searcher.py", line 183, in search
    raise TypeError(current_tok, self)
TypeError: (vannak, Searcher(Name: VFRAME,
Condition: None,
Direction: None,
Initator: [ anal  = 'FIN:van#V+V+acc_Indef+Dec+Pres+nom_Pl3'                ]
[ main  = 'FIN'                                                   ]
[ other = frozenset({'acc_Indef', 'V', 'Dec', 'nom_Pl3', 'Pres'}) ]
[ stem  = 'van#V'                                                 ]
[ tok   = 'vannak'                                                ],
Is Unique: None))
