token 0 # ||
feature || other 0
feature NYITO other 0
searcher FIN FIN None ['<', '>'] 0
token 1 Az Det
feature Det other 1
feature Def other 1
feature Det_Def Def 1
token 2 embereknek Dat
feature Dat other 2
feature N other 2
feature Pl other 2
searcher Det Det None ['<'] 2
searcher macro_NPMod * None ['<'] 2
feature SgPl1_3 Pl 2
feature occupied {'Det'} 1
edge Det 2 1 Black
token 3 fontos Nom
feature Nom other 3
feature Adj other 3
feature macro_NPMod other 3
feature Sg other 3
searcher NOM_OR_GEN * None ['>]'] 3
searcher POSTP_SEARCH * 1 ['>]'] 3
searcher PUNCT_OR_FIN_SEARCH {'FIN', 'PUNCT'} None ['>]'] 3
feature SgPl1_3 Sg 3
feature NOM_OR_GEN ? 3
token 4 kérdésekkel Ins
feature Ins other 4
feature N other 4
feature Pl other 4
searcher Det Det None ['<'] 4
searcher macro_NPMod * None ['<'] 4
feature SgPl1_3 Pl 4
feature Det_Def Indef 4
feature occupied {'Det'} 4
edge Det 4 4 Black
feature occupied {'macro_NPMod', 'Adj'} 3
edge Adj 4 3 Black
token 5 kell FIN
feature FIN other 5
feature V other 5
feature acc_Indef other 5
feature Dec other 5
feature Pres other 5
feature nom_Sg3 other 5
searcher Focus * 1 ['<'] 5
searcher MOD {'Essmod', 'MOD'} None ['<', '>'] 5
searcher Acc Acc None None 5
searcher VFRAME None None None 5
searcher Nom Nom None None 5
searcher VFRAME None None None 5
searcher Nom Nom None None 5
searcher VFRAME None None None 5
feature occupied {'Focus'} 4
edge Focus 5 4 Blue
Traceback (most recent call last):
  File "main.py", line 218, in <module>
    main(default_text)
  File "main.py", line 204, in main
    prepare_and_fire(pattern_bank, pool, handle, curr_window)   # Do everything functional...
  File "main.py", line 167, in prepare_and_fire
    reuse, ret = act.search(tok, pool, is_rightmost=i == len(curr_window) - 1)
  File "/home/dlazesz/PycharmProjects/elemzov2/searcher.py", line 183, in search
    raise TypeError(current_tok, self)
TypeError: (kell, Searcher(Name: VFRAME,
Condition: None,
Direction: None,
Initator: [ anal  = 'FIN:kell#V+V+acc_Indef+Dec+Pres+nom_Sg3'               ]
[ main  = 'FIN'                                                   ]
[ other = frozenset({'V', 'nom_Sg3', 'Pres', 'acc_Indef', 'Dec'}) ]
[ stem  = 'kell#V'                                                ]
[ tok   = 'kell'                                                  ],
Is Unique: None))
