token 0 # ||
token 1 Géza Nom
edge Det 1 1 Black
token 2 bácsi Nom
edge Det 2 2 Black
token 3 megtanította FIN
edge Focus 3 3 Blue
Traceback (most recent call last):
  File "main.py", line 218, in <module>
    main(default_text)
  File "main.py", line 204, in main
    prepare_and_fire(pattern_bank, pool, handle, curr_window)   # Do everything functional...
  File "main.py", line 167, in prepare_and_fire
    reuse, ret = act.search(tok, pool, is_rightmost=i == len(curr_window) - 1)
  File "/home/dlazesz/PycharmProjects/elemzov2/searcher.py", line 183, in search
    raise TypeError(current_tok, self)
TypeError: (megtanította, Searcher(Name: VFRAME,
Condition: None,
Direction: None,
Initator: [ anal  = 'FIN:meg|tanít#V+PreVV+FOC+V+acc_Def+Dec+Past+nom_Sg3+acc_SgPl3'                   ]
[ main  = 'FIN'                                                                              ]
[ other = frozenset({'PreVV', 'Past', 'V', 'nom_Sg3', 'Dec', 'acc_SgPl3', 'acc_Def', 'FOC'}) ]
[ stem  = 'meg|tanít#V'                                                                      ]
[ tok   = 'megtanította'                                                                     ],
Is Unique: None))
