token 0 # ||
token 1 Megfelelve MOD
token 2 a Det
token 3 kritériumoknak Dat
edge Det 3 2 Black
token 4 Mari Nom
edge Det 4 4 Black
token 5 nyugodtan Essmod
token 6 bízhat FIN
edge Focus 6 5 Blue
edge MOD 6 5 Red
edge MOD 6 1 Red
Traceback (most recent call last):
  File "main.py", line 218, in <module>
    main(default_text)
  File "main.py", line 204, in main
    prepare_and_fire(pattern_bank, pool, handle, curr_window)   # Do everything functional...
  File "main.py", line 167, in prepare_and_fire
    reuse, ret = act.search(tok, pool, is_rightmost=i == len(curr_window) - 1)
  File "/home/dlazesz/PycharmProjects/elemzov2/searcher.py", line 183, in search
    raise TypeError(current_tok, self)
TypeError: (bízhat, Searcher(Name: VFRAME,
Condition: None,
Direction: None,
Initator: [ anal  = 'FIN:bízik#V+V+acc_Indef+Dec+Pres+Hat+nom_Sg3'                 ]
[ main  = 'FIN'                                                          ]
[ other = frozenset({'Pres', 'V', 'nom_Sg3', 'acc_Indef', 'Hat', 'Dec'}) ]
[ stem  = 'bízik#V'                                                      ]
[ tok   = 'bízhat'                                                       ],
Is Unique: None))
