token 0 # ||
token 1 Napszámos Nom
token 2 órának Dat
edge Det 2 2 Black
edge Adj 2 1 Black
token 3 nevezett Nom
edge Acc 3 3 Black
edge Dat 3 2 Red
token 4 szobrot Acc
edge Det 4 4 Black
edge PartPast 4 3 Black
token 5 állítanak FIN
edge Focus 5 4 Blue
Traceback (most recent call last):
  File "main.py", line 218, in <module>
    main(default_text)
  File "main.py", line 204, in main
    prepare_and_fire(pattern_bank, pool, handle, curr_window)   # Do everything functional...
  File "main.py", line 167, in prepare_and_fire
    reuse, ret = act.search(tok, pool, is_rightmost=i == len(curr_window) - 1)
  File "/home/dlazesz/PycharmProjects/elemzov2/searcher.py", line 183, in search
    raise TypeError(current_tok, self)
TypeError: (állítanak, Searcher(Name: VFRAME,
Condition: None,
Direction: None,
Initator: [ anal  = 'FIN:állít#V+V+acc_Indef+Dec+Pres+nom_Pl3'              ]
[ main  = 'FIN'                                                   ]
[ other = frozenset({'V', 'Dec', 'nom_Pl3', 'Pres', 'acc_Indef'}) ]
[ stem  = 'állít#V'                                               ]
[ tok   = 'állítanak'                                             ],
Is Unique: None))
