token 0 # ||
feature || other 0
feature NYITO other 0
searcher FIN FIN None ['<', '>'] 0
token 1 Szerintem PostP
feature PostP other 1
feature Sg1_Pron other 1
feature SgPl1_3 Sg1 1
token 2 nemsokára MOD
feature MOD other 2
token 3 el PreV
feature PreV other 3
token 4 fogod FIN
feature FIN other 4
feature V other 4
feature acc_Def other 4
feature Dec other 4
feature Pres other 4
feature nom_Sg2_Pron other 4
feature acc_SgPl3 other 4
searcher Focus * 1 ['<'] 4
searcher MOD {'MOD', 'Essmod'} None ['<', '>'] 4
searcher Acc Acc None None 4
searcher VFRAME None None None 4
searcher Nom Nom None None 4
searcher VFRAME None None None 4
searcher Acc Acc None None 4
searcher VFRAME None None None 4
searcher Nom Nom None None 4
searcher VFRAME None None None 4
searcher Acc Acc None None 4
searcher Acc Acc None None 4
searcher Nom Nom None None 4
searcher VFRAME None None None 4
feature occupied {'Focus'} 3
edge Focus 4 3 Blue
feature occupied {'MOD'} 2
edge MOD 4 2 Red
Traceback (most recent call last):
  File "main.py", line 218, in <module>
    main(default_text)
  File "main.py", line 204, in main
    prepare_and_fire(pattern_bank, pool, handle, curr_window)   # Do everything functional...
  File "main.py", line 167, in prepare_and_fire
    reuse, ret = act.search(tok, pool, is_rightmost=i == len(curr_window) - 1)
  File "/home/dlazesz/PycharmProjects/elemzov2/searcher.py", line 183, in search
    raise TypeError(current_tok, self)
TypeError: (fogod, Searcher(Name: VFRAME,
Condition: None,
Direction: None,
Initator: [ anal  = 'FIN:fog#V+V+acc_Def+Dec+Pres+nom_Sg2_Pron+acc_SgPl3'                   ]
[ main  = 'FIN'                                                                   ]
[ other = frozenset({'Dec', 'Pres', 'acc_Def', 'nom_Sg2_Pron', 'acc_SgPl3', 'V'}) ]
[ stem  = 'fog#V'                                                                 ]
[ tok   = 'fogod'                                                                 ],
Is Unique: None))
